<?xml version="1.0" encoding="UTF-8"?>
<beans xmlns="http://www.springframework.org/schema/beans" xmlns:xsi="http://www.w3.org/2001/XMLSchema-instance"
       xmlns:context="http://www.springframework.org/schema/context"
       xmlns:cache="http://www.springframework.org/schema/cache"
       xsi:schemaLocation="http://www.springframework.org/schema/beans http://www.springframework.org/schema/beans/spring-beans.xsd

	http://www.springframework.org/schema/context http://www.springframework.org/schema/context/spring-context.xsd http://www.springframework.org/schema/cache http://www.springframework.org/schema/cache/spring-cache.xsd">


    <import resource="classpath:spring/spring-config-*.xml"/>

    <cache:annotation-driven cache-manager="cacheManager"/>

    <bean id="propertyConfigurer" class="org.springframework.beans.factory.config.PropertyPlaceholderConfigurer">
        <property name="locations">
            <list>
                <value>classpath*:jdbc.properties</value>
            </list>
        </property>
    </bean>

    <!-- 多环境 profile -->
    <bean id="dataSource" class="com.alibaba.druid.pool.DruidDataSource"
          destroy-method="close">
        <property name="driverClassName" value="${jdbc.driverclass}"/>
        <property name="url" value="${jdbc.url}"/>
        <property name="username" value="${jdbc.username}"/>
        <property name="password" value="${jdbc.password}"/>

        <property name="maxActive" value="${maxActive}"/>
        <property name="initialSize" value="${initialSize}"/>
        <property name="maxWait" value="${maxWait}"/>
        <property name="minIdle" value="${minIdle}"/>

        <property name="validationQuery" value="${validationQuery}"/>
        <property name="testWhileIdle" value="${testWhileIdle}"/>
        <property name="testOnBorrow" value="${testOnBorrow}"/>
        <property name="testOnReturn" value="${testOnReturn}"/>

        <property name="timeBetweenEvictionRunsMillis" value="25000"/>
        <property name="minEvictableIdleTimeMillis" value="300000"/>
    </bean>

    <bean id="sqlSessionFactory" class="org.mybatis.spring.SqlSessionFactoryBean">
        <property name="dataSource" ref="dataSource"/>
        <!-- 显式指定Mapper文件位置 -->
        <property name="mapperLocations">
            <list>
                <value>classpath*:sqlmap/biz/*.xml</value>
                <value>classpath*:sqlmap/gen/*.xml</value>
            </list>
        </property>
    </bean>

    <bean id="cacheManager" class="org.springframework.cache.ehcache.EhCacheCacheManager">
        <property name="cacheManager" ref="ehcacheManager"/>
        <property name="transactionAware" value="true"/>
    </bean>
    <bean id="ehcacheManager" class="org.springframework.cache.ehcache.EhCacheManagerFactoryBean">
        <property name="configLocation" value="classpath:ehcache/ehcache.xml"/>
    </bean>


    <bean class="org.mybatis.spring.mapper.MapperScannerConfigurer">
        <property name="sqlSessionFactoryBeanName" value="sqlSessionFactory"/>
        <property name="basePackage"
                  value="com.atjl.**.mapper.**"/>
    </bean>

    <!--
    <bean id="myBatisTransactionManager"
          class="org.springframework.jdbc.datasource.DataSourceTransactionManager">
        <property name="dataSource" ref="dataSource"/>
        <property name="globalRollbackOnParticipationFailure" value="false"/>
    </bean>

    <tx:annotation-driven transaction-manager="myBatisTransactionManager" proxy-target-class="true"/>
-->

</beans>
