<?xml version="1.0" encoding="UTF-8"?>
<beans xmlns="http://www.springframework.org/schema/beans"
	   xmlns:xsi="http://www.w3.org/2001/XMLSchema-instance"
	   xmlns:aop="http://www.springframework.org/schema/aop"
	   xmlns:tx="http://www.springframework.org/schema/tx"
	   xmlns:context="http://www.springframework.org/schema/context" xmlns:jaxws="http://cxf.apache.org/jaxws"
	   xmlns:cache="http://www.springframework.org/schema/cache"
	   xsi:schemaLocation="http://www.springframework.org/schema/beans http://www.springframework.org/schema/beans/spring-beans.xsd
	http://www.springframework.org/schema/context http://www.springframework.org/schema/context/spring-context.xsd
    http://www.springframework.org/schema/aop http://www.springframework.org/schema/aop/spring-aop.xsd
    http://www.springframework.org/schema/tx http://www.springframework.org/schema/tx/spring-tx.xsd http://cxf.apache.org/jaxws http://cxf.apache.org/schemas/jaxws.xsd http://www.springframework.org/schema/cache http://www.springframework.org/schema/cache/spring-cache.xsd">

	<import resource="classpath*:spring/spring-config-*.xml" />

	<context:component-scan base-package="listener"/>

	<aop:aspectj-autoproxy proxy-target-class="true"/>

	<!--<cache:annotation-driven cache-manager="cacheManager"/>-->

	<!--<bean id="cacheManager" class="org.springframework.cache.ehcache.EhCacheCacheManager">-->
		<!--<property name="cacheManager" ref="ehcacheManager"/>-->
		<!--<property name="transactionAware" value="true"/>-->
	<!--</bean>-->

	<!--<bean id="ehcacheManager" class="org.springframework.cache.ehcache.EhCacheManagerFactoryBean">-->
		<!--<property name="configLocation" value="classpath:ehcache/ehcache.xml"/>-->
	<!--</bean>-->


	<bean
		class="org.springframework.beans.factory.config.PropertyPlaceholderConfigurer">
		<property name="locations">
			<list>
				<!--<value>classpath:jdbc.properties</value>-->
			</list>
		</property>
	</bean>
	

</beans>