<?xml version="1.0" encoding="UTF-8"?>
<beans xmlns="http://www.springframework.org/schema/beans"
       xmlns:xsi="http://www.w3.org/2001/XMLSchema-instance"
       xmlns:context="http://www.springframework.org/schema/context"
       xmlns:task="http://www.springframework.org/schema/task"
       xmlns:tx="http://www.springframework.org/schema/tx"
       xmlns:aop="http://www.springframework.org/schema/aop"
       xmlns:jaxws="http://cxf.apache.org/jaxws"
       xmlns:cache="http://www.springframework.org/schema/cache"
       xmlns:mvc="http://www.springframework.org/schema/mvc"
       xsi:schemaLocation="
    http://www.springframework.org/schema/beans 
    http://www.springframework.org/schema/beans/spring-beans.xsd
	http://www.springframework.org/schema/context
	http://www.springframework.org/schema/context/spring-context.xsd
	http://www.springframework.org/schema/task
    http://www.springframework.org/schema/task/spring-task-3.2.xsd
	http://www.springframework.org/schema/tx http://www.springframework.org/schema/tx/spring-tx.xsd
	http://www.springframework.org/schema/aop http://www.springframework.org/schema/aop/spring-aop.xsd 
	http://cxf.apache.org/jaxws http://cxf.apache.org/schemas/jaxws.xsd
	http://www.springframework.org/schema/cache http://www.springframework.org/schema/cache/spring-cache.xsd
	 http://www.springframework.org/schema/mvc http://www.springframework.org/schema/mvc/spring-mvc.xsd">
    <!--<mvc:resources location="/error/" mapping="/error/**"/>-->

    <mvc:annotation-driven/>


    <context:property-placeholder location="classpath:sys.properties"/><!-- 加载配置文件 -->



    <!-- aop -->
    <aop:aspectj-autoproxy proxy-target-class="true"/>

    <context:component-scan base-package="com.atjl.test.service"/>
    <context:component-scan base-package="com.atjl.test.config"/>
    <context:component-scan base-package="com.atjl.test.repositories"/>

    <import resource="classpath*:spring-config-datasource.xml"/>

    <import resource="classpath*:spring/spring-config-*.xml"/>


    <!-- ======================= ehcache缓存相关 ======================== -->
    <cache:annotation-driven cache-manager="cacheManager"/>


    <!-- 定义CacheManager -->
    <bean id="cacheManager" class="org.springframework.cache.ehcache.EhCacheCacheManager">
        <property name="cacheManager" ref="ehcacheManager"/>
        <property name="transactionAware" value="true"/>
    </bean>
    <bean id="ehcacheManager" class="org.springframework.cache.ehcache.EhCacheManagerFactoryBean">
        <property name="configLocation" value="classpath:ehcache/ehcache.xml"/>
    </bean>

</beans>